\BOOKMARK [1][-]{section*.1}{\376\377\000A\000b\000s\000t\000r\000a\000c\000t}{}% 1
\BOOKMARK [1][-]{section.1}{\376\377\0001\000\040\000I\000n\000t\000r\000o\000d\000u\000c\000t\000i\000o\000n}{}% 2
\BOOKMARK [1][-]{section.2}{\376\377\0002\000\040\000P\000r\000o\000b\000l\000e\000m\000\040\000S\000t\000a\000t\000e\000m\000e\000n\000t}{}% 3
\BOOKMARK [1][-]{section.3}{\376\377\0003\000\040\000E\000n\000e\000r\000g\000y\000-\000S\000a\000v\000i\000n\000g\000\040\000S\000o\000l\000u\000t\000i\000o\000n}{}% 4
\BOOKMARK [2][-]{subsection.3.1}{\376\377\0003\000.\0001\000\040\000O\000v\000e\000r\000v\000i\000e\000w}{section.3}% 5
\BOOKMARK [2][-]{subsection.3.2}{\376\377\0003\000.\0002\000\040\000B\000a\000s\000e\000\040\000S\000t\000a\000t\000i\000o\000n\000\040\000C\000o\000n\000t\000r\000o\000l\000\040\000A\000l\000g\000o\000r\000i\000t\000h\000m}{section.3}% 6
\BOOKMARK [1][-]{section.4}{\376\377\0004\000\040\000D\000e\000c\000i\000s\000i\000o\000n\000\040\000A\000l\000g\000o\000r\000i\000t\000h\000m}{}% 7
\BOOKMARK [2][-]{subsection.4.1}{\376\377\0004\000.\0001\000\040\000O\000v\000e\000r\000v\000i\000e\000w}{section.4}% 8
\BOOKMARK [2][-]{subsection.4.2}{\376\377\0004\000.\0002\000\040\000D\000e\000c\000i\000s\000i\000o\000n\000\040\000M\000a\000k\000i\000n\000g\000\040\000E\000n\000t\000i\000t\000y\000\040\000\050\000D\000M\000E\000\051}{section.4}% 9
\BOOKMARK [2][-]{subsection.4.3}{\376\377\0004\000.\0003\000\040\000b\000o\000l\000d\0000\000m\000u\000\040\000m\000u\000m\000u\000\040\0001\0001\000s\000u\000b\000s\000e\000c\000t\000i\000o\000n\0001\0001\0001\0001\000:\000\040\000T\000r\000a\000f\000f\000i\000c\000\040\000P\000r\000e\000d\000i\000c\000t\000i\000o\000n\000\040\000\050\000T\000P\000\051}{section.4}% 10
\BOOKMARK [2][-]{subsection.4.4}{\376\377\0004\000.\0004\000\040\000b\000o\000l\000d\0000\000m\000u\000\040\000m\000u\000m\000u\000\040\0002\0002\000s\000u\000b\000s\000e\000c\000t\000i\000o\000n\0002\0002\0002\0002\000:\000\040\000D\000i\000g\000i\000t\000a\000l\000\040\000T\000w\000i\000n\000\040\000\050\000D\000T\000\051}{section.4}% 11
\BOOKMARK [2][-]{subsection.4.5}{\376\377\0004\000.\0005\000\040\000b\000o\000l\000d\0000\000m\000u\000\040\000m\000u\000m\000u\000\040\0003\0003\000s\000u\000b\000s\000e\000c\000t\000i\000o\000n\0003\0003\0003\0003\000:\000\040\000C\000o\000v\000e\000r\000a\000g\000e\000\040\000P\000r\000e\000d\000i\000c\000t\000i\000o\000n\000\040\000\050\000C\000P\000\051}{section.4}% 12
\BOOKMARK [2][-]{subsection.4.6}{\376\377\0004\000.\0006\000\040\000M\000e\000a\000s\000u\000r\000i\000n\000g\000\040\000Q\000o\000S\000\040\000G\000u\000r\000a\000n\000t\000e\000e\000s}{section.4}% 13
\BOOKMARK [1][-]{section.5}{\376\377\0005\000\040\000P\000e\000r\000f\000o\000r\000m\000a\000n\000c\000e\000\040\000E\000v\000a\000l\000u\000a\000t\000i\000o\000n}{}% 14
\BOOKMARK [2][-]{subsection.5.1}{\376\377\0005\000.\0001\000\040\000S\000i\000m\000u\000l\000a\000t\000i\000o\000n\000\040\000S\000e\000t\000u\000p}{section.5}% 15
\BOOKMARK [2][-]{subsection.5.2}{\376\377\0005\000.\0002\000\040\000P\000o\000w\000e\000r\000\040\000C\000o\000n\000s\000u\000m\000p\000t\000i\000o\000n\000\040\000R\000e\000d\000u\000c\000t\000i\000o\000n}{section.5}% 16
\BOOKMARK [2][-]{subsection.5.3}{\376\377\0005\000.\0003\000\040\000M\000a\000i\000n\000t\000a\000i\000n\000i\000n\000g\000\040\000Q\000o\000S\000\040\000G\000u\000a\000r\000a\000n\000t\000e\000e\000s}{section.5}% 17
\BOOKMARK [1][-]{section.6}{\376\377\0006\000\040\000C\000o\000n\000c\000l\000u\000s\000i\000o\000n\000s}{}% 18
\BOOKMARK [1][-]{appendix.A}{\376\377\000A\000\040\000C\000o\000v\000e\000r\000a\000g\000e\000\040\000A\000l\000g\000o\000r\000i\000t\000h\000m}{}% 19
\BOOKMARK [1][-]{appendix.B}{\376\377\000B\000\040\000D\000a\000s\000h\000b\000o\000a\000r\000d\000\040\000G\000U\000I}{}% 20
\BOOKMARK [1][-]{appendix.C}{\376\377\000C\000\040\000D\000e\000s\000i\000g\000n\000\040\000R\000a\000t\000i\000o\000n\000a\000l\000e}{}% 21
\BOOKMARK [2][-]{subsection.C.1}{\376\377\000C\000.\0001\000\040\000D\000a\000t\000a\000s\000e\000t\000s\000\040\000I\000n\000\040\000U\000s\000e}{appendix.C}% 22
\BOOKMARK [2][-]{subsection.C.2}{\376\377\000C\000.\0002\000\040\000M\000o\000d\000e\000l\000\040\000S\000e\000l\000e\000c\000t\000i\000o\000n}{appendix.C}% 23
\BOOKMARK [2][-]{subsection.C.3}{\376\377\000C\000.\0003\000\040\000M\000o\000d\000e\000l\000\040\000V\000e\000r\000i\000f\000i\000c\000a\000t\000i\000o\000n}{appendix.C}% 24
\BOOKMARK [1][-]{section*.10}{\376\377\000R\000e\000f\000e\000r\000e\000n\000c\000e\000s}{}% 25
